-------------------------------------------------------------------------------
Test set: RunnerTest
-------------------------------------------------------------------------------
Tests run: 4, Failures: 1, Errors: 0, Skipped: 0, Time elapsed: 21.365 s <<< FAILURE! - in RunnerTest
AddRemoveElements.Add remove elements http://the-internet.herokuapp.com/add_remove_elements/  Time elapsed: 5.712 s  <<< FAILURE!
java.lang.AssertionError: expected:<10> but was:<11>

