<?xml version="1.0" encoding="UTF-8"?>
<testsuite xmlns:xsi="http://www.w3.org/2001/XMLSchema-instance" xsi:noNamespaceSchemaLocation="https://maven.apache.org/surefire/maven-surefire-plugin/xsd/surefire-test-report-3.0.xsd" version="3.0" name="RunnerTest" time="21.365" tests="4" errors="0" skipped="0" failures="1">
  <properties>
[...]
</properties>
  <testcase name="Add remove elements http://the-internet.herokuapp.com/add_remove_elements/" classname="AddRemoveElements" time="5.712">
    <failure message="expected:&lt;10&gt; but was:&lt;11&gt;" type="java.lang.AssertionError"><![CDATA[java.lang.AssertionError: expected:<10> but was:<11>
]]></failure>
    <system-out><![CDATA[------------------------------
Starting - Add remove elements http://the-internet.herokuapp.com/add_remove_elements/
------------------------------
]]></system-out>
    <system-err><![CDATA[jan. 27, 2020 7:53:10 PM cucumber.runtime.java.ObjectFactoryLoader loadSingleObjectFactory
WARNING: Loading deprecated ObjectFactory from runtime via reflection: cucumber.runtime.java.picocontainer.PicoFactory
Starting ChromeDriver 78.0.3904.70 (edb9c9f3de0247fd912a77b7f6cae7447f6d3ad5-refs/branch-heads/3904@{#800}) on port 2038
Only local connections are allowed.
Please protect ports used by ChromeDriver and related test frameworks to prevent access by malicious code.
[1580151192.816][WARNING]: This version of ChromeDriver has not been tested with Chrome version 79.
jan. 27, 2020 7:53:13 PM org.openqa.selenium.remote.ProtocolHandshake createSession
INFO: Detected dialect: W3C
]]></system-err>
  </testcase>
  <testcase name="CheckBoxes" classname="CheckBoxes" time="4.692"/>
  <testcase name=": Login form using valid and invalid credentials" classname="Form Authentication" time="5.262"/>
  <testcase name=": Login form using valid and invalid credentials" classname="Form Authentication" time="5.256"/>
</testsuite>